Jul-06 13:06:29.594 [main] DEBUG nextflow.cli.Launcher - $> nextflow run main.nf --input sample_sheets/samplesheet.csv --outdir resultat_merged --db /aux/db/gms_16S/assets/databases/emu_database/ --seqtype map-ont -profile singularity,full --quality_filtering --longread_qc_qualityfilter_minlength 1200 --longread_qc_qualityfilter_maxlength 1800
Jul-06 13:06:29.658 [main] INFO  nextflow.cli.CmdRun - N E X T F L O W  ~  version 22.10.6
Jul-06 13:06:29.683 [main] DEBUG nextflow.plugin.PluginsFacade - Setting up plugin manager > mode=prod; embedded=false; plugins-dir=/home/orebroll.se/fwa010/.nextflow/plugins; core-plugins: nf-amazon@1.11.3,nf-azure@0.14.2,nf-codecommit@0.1.2,nf-console@1.0.4,nf-ga4gh@1.0.4,nf-google@1.4.5,nf-tower@1.5.6,nf-wave@0.5.3
Jul-06 13:06:29.693 [main] INFO  org.pf4j.DefaultPluginStatusProvider - Enabled plugins: []
Jul-06 13:06:29.694 [main] INFO  org.pf4j.DefaultPluginStatusProvider - Disabled plugins: []
Jul-06 13:06:29.697 [main] INFO  org.pf4j.DefaultPluginManager - PF4J version 3.4.1 in 'deployment' mode
Jul-06 13:06:29.707 [main] INFO  org.pf4j.AbstractPluginManager - No plugins
Jul-06 13:06:29.783 [main] DEBUG nextflow.cli.CmdRun - Applied DSL=2 by global default
Jul-06 13:06:29.800 [main] INFO  nextflow.cli.CmdRun - Launching `main.nf` [distraught_liskov] DSL2 - revision: 9b6e943c86
Jul-06 13:06:29.801 [main] DEBUG nextflow.plugin.PluginsFacade - Plugins default=[]
Jul-06 13:06:29.801 [main] DEBUG nextflow.plugin.PluginsFacade - Plugins resolved requirement=[]
Jul-06 13:06:29.812 [main] DEBUG nextflow.secret.LocalSecretsProvider - Secrets store: /home/orebroll.se/fwa010/.nextflow/secrets/store.json
Jul-06 13:06:29.819 [main] DEBUG nextflow.secret.SecretsLoader - Discovered secrets providers: [nextflow.secret.LocalSecretsProvider@a10c1b5] - activable => nextflow.secret.LocalSecretsProvider@a10c1b5
Jul-06 13:06:29.884 [main] DEBUG nextflow.Session - Session UUID: 4cd0751b-bf88-40d6-8544-36d3e7bcba75
Jul-06 13:06:29.884 [main] DEBUG nextflow.Session - Run name: distraught_liskov
Jul-06 13:06:29.884 [main] DEBUG nextflow.Session - Executor pool size: 4
Jul-06 13:06:29.895 [main] DEBUG nextflow.util.ThreadPoolBuilder - Creating thread pool 'FileTransfer' minSize=10; maxSize=12; workQueue=LinkedBlockingQueue[10000]; allowCoreThreadTimeout=false
Jul-06 13:06:29.923 [main] DEBUG nextflow.cli.CmdRun - 
  Version: 22.10.6 build 5843
  Created: 23-01-2023 23:20 UTC (24-01-2023 00:20 CEST)
  System: Linux 5.14.0-75.el9.x86_64
  Runtime: Groovy 3.0.13 on OpenJDK 64-Bit Server VM 17.0.3-internal+0-adhoc..src
  Encoding: UTF-8 (UTF-8)
  Process: 2046314@rosalind.orebroll.se [10.10.30.190]
  CPUs: 4 - Mem: 15.6 GB (3.2 GB) - Swap: 8 GB (4.9 GB)
Jul-06 13:06:29.948 [main] DEBUG nextflow.Session - Work-dir: /aux/db/workdir_fwa010/emu_pipe_project/gms_16S/modules/local/merge_barcodes/work [xfs]
Jul-06 13:06:29.948 [main] DEBUG nextflow.Session - Script base path does not exist or is not a directory: /aux/db/workdir_fwa010/emu_pipe_project/gms_16S/modules/local/merge_barcodes/bin
Jul-06 13:06:29.957 [main] DEBUG nextflow.executor.ExecutorFactory - Extension executors providers=[]
Jul-06 13:06:29.968 [main] DEBUG nextflow.Session - Observer factory: DefaultObserverFactory
Jul-06 13:06:29.996 [main] DEBUG nextflow.cache.CacheFactory - Using Nextflow cache factory: nextflow.cache.DefaultCacheFactory
Jul-06 13:06:30.004 [main] DEBUG nextflow.util.CustomThreadPool - Creating default thread pool > poolSize: 5; maxThreads: 1000
Jul-06 13:06:30.128 [main] DEBUG nextflow.Session - Session start
Jul-06 13:06:30.696 [main] DEBUG nextflow.script.ScriptRunner - > Launching execution
Jul-06 13:06:30.715 [main] DEBUG nextflow.Session - Session aborted -- Cause: =============================================================================
=                                WARNING                                    =
= You are running this script using DSL2 syntax, however it does not        =
= contain any 'workflow' definition so there's nothing for Nextflow to run. =
=                                                                           =
= If this script was written using Nextflow DSL1 syntax, please add the     =
= setting 'nextflow.enable.dsl=1' to the nextflow.config file or use the    =
= command-line option '-dsl1' when running the pipeline.                    =
=                                                                           =
= More details at this link: https://www.nextflow.io/docs/latest/dsl2.html  =
=============================================================================

Jul-06 13:06:30.725 [main] DEBUG nextflow.cli.Launcher - Operation aborted
nextflow.exception.AbortOperationException: =============================================================================
=                                WARNING                                    =
= You are running this script using DSL2 syntax, however it does not        =
= contain any 'workflow' definition so there's nothing for Nextflow to run. =
=                                                                           =
= If this script was written using Nextflow DSL1 syntax, please add the     =
= setting 'nextflow.enable.dsl=1' to the nextflow.config file or use the    =
= command-line option '-dsl1' when running the pipeline.                    =
=                                                                           =
= More details at this link: https://www.nextflow.io/docs/latest/dsl2.html  =
=============================================================================

	at java.base/jdk.internal.reflect.NativeConstructorAccessorImpl.newInstance0(Native Method)
	at java.base/jdk.internal.reflect.NativeConstructorAccessorImpl.newInstance(NativeConstructorAccessorImpl.java:77)
	at java.base/jdk.internal.reflect.DelegatingConstructorAccessorImpl.newInstance(DelegatingConstructorAccessorImpl.java:45)
	at java.base/java.lang.reflect.Constructor.newInstanceWithCaller(Constructor.java:499)
	at java.base/java.lang.reflect.Constructor.newInstance(Constructor.java:480)
	at org.codehaus.groovy.reflection.CachedConstructor.invoke(CachedConstructor.java:72)
	at org.codehaus.groovy.runtime.callsite.ConstructorSite$ConstructorSiteNoUnwrapNoCoerce.callConstructor(ConstructorSite.java:105)
	at org.codehaus.groovy.runtime.callsite.CallSiteArray.defaultCallConstructor(CallSiteArray.java:59)
	at org.codehaus.groovy.runtime.callsite.AbstractCallSite.callConstructor(AbstractCallSite.java:263)
	at org.codehaus.groovy.runtime.callsite.AbstractCallSite.callConstructor(AbstractCallSite.java:277)
	at nextflow.script.BaseScript.runDsl2(BaseScript.groovy:201)
	at nextflow.script.BaseScript.run(BaseScript.groovy:217)
	at nextflow.script.ScriptParser.runScript(ScriptParser.groovy:230)
	at nextflow.script.ScriptRunner.run(ScriptRunner.groovy:225)
	at nextflow.script.ScriptRunner.execute(ScriptRunner.groovy:131)
	at nextflow.cli.CmdRun.run(CmdRun.groovy:354)
	at nextflow.cli.Launcher.run(Launcher.groovy:487)
	at nextflow.cli.Launcher.main(Launcher.groovy:646)
