[2023-05-04 15:54:33,184] multiqc                                            [DEBUG  ]  This is MultiQC v1.13
[2023-05-04 15:54:33,185] multiqc                                            [DEBUG  ]  Loading config settings from: multiqc_config.yml
[2023-05-04 15:54:33,186] multiqc                                            [DEBUG  ]  New config: {'report_comment': 'This report has been generated by the <a href="https://github.com/nf-core/gmsemu" target="_blank">nf-core/gmsemu</a> analysis pipeline. For information about how to interpret these results, please see the <a href="https://nf-co.re/gmsemu" target="_blank">documentation</a>.\n', 'report_section_order': {'nf-core-gmsemu-methods-description': {'order': -1000}, 'software_versions': {'order': -1001}, 'nf-core-gmsemu-summary': {'order': -1002}}, 'export_plots': True}
[2023-05-04 15:54:33,187] multiqc                                            [DEBUG  ]  Loading config settings from: multiqc_config.yml
[2023-05-04 15:54:33,187] multiqc                                            [DEBUG  ]  New config: {'report_comment': 'This report has been generated by the <a href="https://github.com/nf-core/gmsemu" target="_blank">nf-core/gmsemu</a> analysis pipeline. For information about how to interpret these results, please see the <a href="https://nf-co.re/gmsemu" target="_blank">documentation</a>.\n', 'report_section_order': {'nf-core-gmsemu-methods-description': {'order': -1000}, 'software_versions': {'order': -1001}, 'nf-core-gmsemu-summary': {'order': -1002}}, 'export_plots': True}
[2023-05-04 15:54:33,187] multiqc                                            [DEBUG  ]  Command used: /usr/local/bin/multiqc --force --config multiqc_config.yml .
[2023-05-04 15:54:33,702] multiqc                                            [WARNING]  MultiQC Version v1.14 now available!
[2023-05-04 15:54:33,703] multiqc                                            [DEBUG  ]  Working dir : /aux/db/workdir_fwa010/emu_pipe_project/gms_16S/work/4c/2c3e90afa2699ed1977bd3a0da4961
[2023-05-04 15:54:33,703] multiqc                                            [DEBUG  ]  Template    : default
[2023-05-04 15:54:33,703] multiqc                                            [DEBUG  ]  Running Python 3.10.6 | packaged by conda-forge | (main, Aug 22 2022, 20:35:26) [GCC 10.4.0]
[2023-05-04 15:54:33,703] multiqc                                            [DEBUG  ]  Analysing modules: custom_content, ccs, ngsderive, purple, conpair, lima, peddy, somalier, methylQA, mosdepth, phantompeakqualtools, qualimap, preseq, quast, qorts, rna_seqc, rockhopper, rsem, rseqc, busco, bustools, goleft_indexcov, gffcompare, disambiguate, supernova, deeptools, sargasso, verifybamid, mirtrace, happy, mirtop, sambamba, homer, hops, macs2, theta2, snpeff, gatk, htseq, bcftools, featureCounts, fgbio, dragen, dedup, pbmarkdup, damageprofiler, biobambam2, jcvi, mtnucratio, picard, vep, sentieon, prokka, qc3C, nanostat, samblaster, samtools, sexdeterrmine, eigenstratdatabasetools, bamtools, jellyfish, vcftools, longranger, stacks, varscan2, snippy, bbmap, bismark, biscuit, hicexplorer, hicup, hicpro, salmon, kallisto, slamdunk, star, hisat2, tophat, bowtie2, bowtie1, snpsplit, odgi, pangolin, kat, leehom, adapterRemoval, clipandmerge, cutadapt, flexbar, kaiju, kraken, malt, trimmomatic, sickle, skewer, sortmerna, biobloomtools, fastq_screen, afterqc, fastp, fastqc, pychopper, pycoqc, minionqc, multivcfanalyzer, clusterflow, checkqc, bcl2fastq, bclconvert, interop, ivar, flash, seqyclean, optitype, whatshap
[2023-05-04 15:54:33,703] multiqc                                            [DEBUG  ]  Using temporary directory for creating report: /tmp/tmpmgrn75pz
[2023-05-04 15:54:33,842] multiqc                                            [INFO   ]  Search path : /aux/db/workdir_fwa010/emu_pipe_project/gms_16S/work/4c/2c3e90afa2699ed1977bd3a0da4961
[2023-05-04 15:54:33,903] multiqc                                            [DEBUG  ]  Summary of files that were skipped by the search: [skipped_no_match: 8] // [skipped_module_specific_max_filesize: 5]
[2023-05-04 15:54:34,460] multiqc.plots.bargraph                             [DEBUG  ]  Using matplotlib version 3.5.3
[2023-05-04 15:54:34,461] multiqc.plots.linegraph                            [DEBUG  ]  Using matplotlib version 3.5.3
[2023-05-04 15:54:34,469] multiqc.modules.custom_content.custom_content      [INFO   ]  nf-core-gmsemu-summary: Found 1 sample (html)
[2023-05-04 15:54:34,469] multiqc.modules.custom_content.custom_content      [INFO   ]  nf-core-gmsemu-methods-description: Found 1 sample (html)
[2023-05-04 15:54:34,469] multiqc.modules.custom_content.custom_content      [INFO   ]  software_versions: Found 1 sample (html)
[2023-05-04 15:54:34,476] multiqc.modules.fastqc.fastqc                      [INFO   ]  Found 2 reports
[2023-05-04 15:54:39,048] multiqc                                            [DEBUG  ]  Reordering sections: anchor 'nf-core-gmsemu-methods-description' not found for module 'FastQC'.
[2023-05-04 15:54:39,048] multiqc                                            [DEBUG  ]  Reordering sections: anchor 'software_versions' not found for module 'FastQC'.
[2023-05-04 15:54:39,048] multiqc                                            [DEBUG  ]  Reordering sections: anchor 'nf-core-gmsemu-summary' not found for module 'FastQC'.
[2023-05-04 15:54:39,048] multiqc                                            [DEBUG  ]  Reordering sections: anchor 'nf-core-gmsemu-methods-description' not found for module 'nf-core/gmsemu Methods Description'.
[2023-05-04 15:54:39,049] multiqc                                            [DEBUG  ]  Reordering sections: anchor 'software_versions' not found for module 'nf-core/gmsemu Methods Description'.
[2023-05-04 15:54:39,049] multiqc                                            [DEBUG  ]  Reordering sections: anchor 'nf-core-gmsemu-summary' not found for module 'nf-core/gmsemu Methods Description'.
[2023-05-04 15:54:39,049] multiqc                                            [DEBUG  ]  Reordering sections: anchor 'nf-core-gmsemu-methods-description' not found for module 'nf-core/gmsemu Software Versions'.
[2023-05-04 15:54:39,049] multiqc                                            [DEBUG  ]  Reordering sections: anchor 'software_versions' not found for module 'nf-core/gmsemu Software Versions'.
[2023-05-04 15:54:39,049] multiqc                                            [DEBUG  ]  Reordering sections: anchor 'nf-core-gmsemu-summary' not found for module 'nf-core/gmsemu Software Versions'.
[2023-05-04 15:54:39,049] multiqc                                            [DEBUG  ]  Reordering sections: anchor 'nf-core-gmsemu-methods-description' not found for module 'nf-core/gmsemu Workflow Summary'.
[2023-05-04 15:54:39,049] multiqc                                            [DEBUG  ]  Reordering sections: anchor 'software_versions' not found for module 'nf-core/gmsemu Workflow Summary'.
[2023-05-04 15:54:39,049] multiqc                                            [DEBUG  ]  Reordering sections: anchor 'nf-core-gmsemu-summary' not found for module 'nf-core/gmsemu Workflow Summary'.
[2023-05-04 15:54:39,051] multiqc                                            [INFO   ]  Compressing plot data
[2023-05-04 15:54:39,066] multiqc                                            [INFO   ]  Report      : multiqc_report.html
[2023-05-04 15:54:39,066] multiqc                                            [INFO   ]  Data        : multiqc_data
[2023-05-04 15:54:39,067] multiqc                                            [DEBUG  ]  Moving data file from '/tmp/tmpmgrn75pz/multiqc_data' to '/aux/db/workdir_fwa010/emu_pipe_project/gms_16S/work/4c/2c3e90afa2699ed1977bd3a0da4961/multiqc_data'
[2023-05-04 15:54:39,068] multiqc                                            [INFO   ]  Plots       : multiqc_plots
[2023-05-04 15:54:39,068] multiqc                                            [DEBUG  ]  Moving plots directory from '/tmp/tmpmgrn75pz/multiqc_plots' to '/aux/db/workdir_fwa010/emu_pipe_project/gms_16S/work/4c/2c3e90afa2699ed1977bd3a0da4961/multiqc_plots'
[2023-05-04 15:54:39,142] multiqc                                            [INFO   ]  MultiQC complete
